C:\Users\Emmanuel\source\repos\SovTechDotNetChallenge\SovTechDotNetChallenge\FrontendAngular\frontend\dist\out-tsc\e2e\src\app.po.js
C:\Users\Emmanuel\source\repos\SovTechDotNetChallenge\SovTechDotNetChallenge\FrontendAngular\frontend\dist\out-tsc\e2e\src\app.po.js.map
C:\Users\Emmanuel\source\repos\SovTechDotNetChallenge\SovTechDotNetChallenge\FrontendAngular\frontend\dist\out-tsc\e2e\src\app.e2e-spec.js
C:\Users\Emmanuel\source\repos\SovTechDotNetChallenge\SovTechDotNetChallenge\FrontendAngular\frontend\dist\out-tsc\e2e\src\app.e2e-spec.js.map
C:\Users\Emmanuel\source\repos\SovTechDotNetChallenge\SovTechDotNetChallenge\FrontendAngular\frontend\dist\out-tsc\src\app\service\datatransfer.service.js
C:\Users\Emmanuel\source\repos\SovTechDotNetChallenge\SovTechDotNetChallenge\FrontendAngular\frontend\dist\out-tsc\src\app\service\datatransfer.service.js.map
C:\Users\Emmanuel\source\repos\SovTechDotNetChallenge\SovTechDotNetChallenge\FrontendAngular\frontend\dist\out-tsc\src\app\service\config.service.js
C:\Users\Emmanuel\source\repos\SovTechDotNetChallenge\SovTechDotNetChallenge\FrontendAngular\frontend\dist\out-tsc\src\app\service\config.service.js.map
C:\Users\Emmanuel\source\repos\SovTechDotNetChallenge\SovTechDotNetChallenge\FrontendAngular\frontend\dist\out-tsc\src\app\Home\Home.component.js
C:\Users\Emmanuel\source\repos\SovTechDotNetChallenge\SovTechDotNetChallenge\FrontendAngular\frontend\dist\out-tsc\src\app\Home\Home.component.js.map
C:\Users\Emmanuel\source\repos\SovTechDotNetChallenge\SovTechDotNetChallenge\FrontendAngular\frontend\dist\out-tsc\src\app\Joke\Joke.component.js
C:\Users\Emmanuel\source\repos\SovTechDotNetChallenge\SovTechDotNetChallenge\FrontendAngular\frontend\dist\out-tsc\src\app\Joke\Joke.component.js.map
C:\Users\Emmanuel\source\repos\SovTechDotNetChallenge\SovTechDotNetChallenge\FrontendAngular\frontend\dist\out-tsc\src\app\Chuck\Chuck.component.js
C:\Users\Emmanuel\source\repos\SovTechDotNetChallenge\SovTechDotNetChallenge\FrontendAngular\frontend\dist\out-tsc\src\app\Chuck\Chuck.component.js.map
C:\Users\Emmanuel\source\repos\SovTechDotNetChallenge\SovTechDotNetChallenge\FrontendAngular\frontend\dist\out-tsc\src\app\Swapi\Swapi.component.js
C:\Users\Emmanuel\source\repos\SovTechDotNetChallenge\SovTechDotNetChallenge\FrontendAngular\frontend\dist\out-tsc\src\app\Swapi\Swapi.component.js.map
C:\Users\Emmanuel\source\repos\SovTechDotNetChallenge\SovTechDotNetChallenge\FrontendAngular\frontend\dist\out-tsc\src\app\app-routing.module.js
C:\Users\Emmanuel\source\repos\SovTechDotNetChallenge\SovTechDotNetChallenge\FrontendAngular\frontend\dist\out-tsc\src\app\app-routing.module.js.map
C:\Users\Emmanuel\source\repos\SovTechDotNetChallenge\SovTechDotNetChallenge\FrontendAngular\frontend\dist\out-tsc\src\app\app.component.js
C:\Users\Emmanuel\source\repos\SovTechDotNetChallenge\SovTechDotNetChallenge\FrontendAngular\frontend\dist\out-tsc\src\app\app.component.js.map
C:\Users\Emmanuel\source\repos\SovTechDotNetChallenge\SovTechDotNetChallenge\FrontendAngular\frontend\dist\out-tsc\src\app\material.module.js
C:\Users\Emmanuel\source\repos\SovTechDotNetChallenge\SovTechDotNetChallenge\FrontendAngular\frontend\dist\out-tsc\src\app\material.module.js.map
C:\Users\Emmanuel\source\repos\SovTechDotNetChallenge\SovTechDotNetChallenge\FrontendAngular\frontend\dist\out-tsc\src\app\app.module.js
C:\Users\Emmanuel\source\repos\SovTechDotNetChallenge\SovTechDotNetChallenge\FrontendAngular\frontend\dist\out-tsc\src\app\app.module.js.map
C:\Users\Emmanuel\source\repos\SovTechDotNetChallenge\SovTechDotNetChallenge\FrontendAngular\frontend\dist\out-tsc\src\environments\environment.js
C:\Users\Emmanuel\source\repos\SovTechDotNetChallenge\SovTechDotNetChallenge\FrontendAngular\frontend\dist\out-tsc\src\environments\environment.js.map
C:\Users\Emmanuel\source\repos\SovTechDotNetChallenge\SovTechDotNetChallenge\FrontendAngular\frontend\dist\out-tsc\src\main.js
C:\Users\Emmanuel\source\repos\SovTechDotNetChallenge\SovTechDotNetChallenge\FrontendAngular\frontend\dist\out-tsc\src\main.js.map
C:\Users\Emmanuel\source\repos\SovTechDotNetChallenge\SovTechDotNetChallenge\FrontendAngular\frontend\dist\out-tsc\src\polyfills.js
C:\Users\Emmanuel\source\repos\SovTechDotNetChallenge\SovTechDotNetChallenge\FrontendAngular\frontend\dist\out-tsc\src\polyfills.js.map
C:\Users\Emmanuel\source\repos\SovTechDotNetChallenge\SovTechDotNetChallenge\FrontendAngular\frontend\dist\out-tsc\src\test.js
C:\Users\Emmanuel\source\repos\SovTechDotNetChallenge\SovTechDotNetChallenge\FrontendAngular\frontend\dist\out-tsc\src\test.js.map
C:\Users\Emmanuel\source\repos\SovTechDotNetChallenge\SovTechDotNetChallenge\FrontendAngular\frontend\dist\out-tsc\src\app\app.component.spec.js
C:\Users\Emmanuel\source\repos\SovTechDotNetChallenge\SovTechDotNetChallenge\FrontendAngular\frontend\dist\out-tsc\src\app\app.component.spec.js.map
C:\Users\Emmanuel\source\repos\SovTechDotNetChallenge\SovTechDotNetChallenge\FrontendAngular\frontend\dist\out-tsc\src\app\Chuck\Chuck.component.spec.js
C:\Users\Emmanuel\source\repos\SovTechDotNetChallenge\SovTechDotNetChallenge\FrontendAngular\frontend\dist\out-tsc\src\app\Chuck\Chuck.component.spec.js.map
C:\Users\Emmanuel\source\repos\SovTechDotNetChallenge\SovTechDotNetChallenge\FrontendAngular\frontend\dist\out-tsc\src\app\Home\Home.component.spec.js
C:\Users\Emmanuel\source\repos\SovTechDotNetChallenge\SovTechDotNetChallenge\FrontendAngular\frontend\dist\out-tsc\src\app\Home\Home.component.spec.js.map
C:\Users\Emmanuel\source\repos\SovTechDotNetChallenge\SovTechDotNetChallenge\FrontendAngular\frontend\dist\out-tsc\src\app\Joke\Joke.component.spec.js
C:\Users\Emmanuel\source\repos\SovTechDotNetChallenge\SovTechDotNetChallenge\FrontendAngular\frontend\dist\out-tsc\src\app\Joke\Joke.component.spec.js.map
C:\Users\Emmanuel\source\repos\SovTechDotNetChallenge\SovTechDotNetChallenge\FrontendAngular\frontend\dist\out-tsc\src\app\Swapi\Swapi.component.spec.js
C:\Users\Emmanuel\source\repos\SovTechDotNetChallenge\SovTechDotNetChallenge\FrontendAngular\frontend\dist\out-tsc\src\app\Swapi\Swapi.component.spec.js.map
C:\Users\Emmanuel\source\repos\SovTechDotNetChallenge\SovTechDotNetChallenge\FrontendAngular\frontend\dist\out-tsc\src\app\service\config.service.spec.js
C:\Users\Emmanuel\source\repos\SovTechDotNetChallenge\SovTechDotNetChallenge\FrontendAngular\frontend\dist\out-tsc\src\app\service\config.service.spec.js.map
C:\Users\Emmanuel\source\repos\SovTechDotNetChallenge\SovTechDotNetChallenge\FrontendAngular\frontend\dist\out-tsc\src\app\service\datatransfer.service.spec.js
C:\Users\Emmanuel\source\repos\SovTechDotNetChallenge\SovTechDotNetChallenge\FrontendAngular\frontend\dist\out-tsc\src\app\service\datatransfer.service.spec.js.map
C:\Users\Emmanuel\source\repos\SovTechDotNetChallenge\SovTechDotNetChallenge\FrontendAngular\frontend\dist\out-tsc\src\environments\environment.prod.js
C:\Users\Emmanuel\source\repos\SovTechDotNetChallenge\SovTechDotNetChallenge\FrontendAngular\frontend\dist\out-tsc\src\environments\environment.prod.js.map
